# JRE version: OpenJDK Runtime Environment (21.0.7) (build 21.0.7+-13880790-b1038.58)
# Java VM: OpenJDK 64-Bit Server VM (21.0.7+-13880790-b1038.58, mixed mode, tiered, compressed oops, compressed class ptrs, g1 gc, windows-amd64)
GC Precious Log:
 CardTable entry size: 512
 Card Set container configuration: InlinePtr #cards 5 size 8 Array Of Cards #cards 12 size 40 Howl #buckets 4 coarsen threshold 1843 Howl Bitmap #cards 512 size 80 coarsen threshold 460 Card regions per heap region 1 cards per card region 2048
 CPUs: 8 total, 8 available
 Memory: 3947M
 Large Page Support: Disabled
 NUMA Support: Disabled
 Compressed Oops: Enabled (32-bit)
 Heap Region Size: 1M
 Heap Min Capacity: 8M
 Heap Initial Capacity: 62M
 Heap Max Capacity: 2G
 Pre-touch: Disabled
 Parallel Workers: 8
 Concurrent Workers: 2
 Concurrent Refinement Workers: 8
 Periodic GC: Disabled
Heap:
 garbage-first heap   total 134144K, used 73438K [0x0000000080000000, 0x0000000100000000)
  region size 1024K, 9 young (9216K), 5 survivors (5120K)
 Metaspace       used 57186K, committed 58624K, reserved 1114112K
  class space    used 7907K, committed 8576K, reserved 1048576K
GC Heap History (20 events):
Event: 37.092 GC heap before
{Heap before GC invocations=8 (full 0):
 garbage-first heap   total 63488K, used 49862K [0x0000000080000000, 0x0000000100000000)
  region size 1024K, 30 young (30720K), 4 survivors (4096K)
 Metaspace       used 33382K, committed 34112K, reserved 1114112K
  class space    used 4451K, committed 4800K, reserved 1048576K
}
Event: 37.100 GC heap after
{Heap after GC invocations=9 (full 0):
 garbage-first heap   total 63488K, used 25385K [0x0000000080000000, 0x0000000100000000)
  region size 1024K, 4 young (4096K), 4 survivors (4096K)
 Metaspace       used 33382K, committed 34112K, reserved 1114112K
  class space    used 4451K, committed 4800K, reserved 1048576K
}
Event: 39.723 GC heap before
{Heap before GC invocations=9 (full 0):
 garbage-first heap   total 63488K, used 36649K [0x0000000080000000, 0x0000000100000000)
  region size 1024K, 16 young (16384K), 4 survivors (4096K)
 Metaspace       used 35195K, committed 35968K, reserved 1114112K
  class space    used 4786K, committed 5184K, reserved 1048576K
}
Event: 39.734 GC heap after
{Heap after GC invocations=10 (full 0):
 garbage-first heap   total 63488K, used 26055K [0x0000000080000000, 0x0000000100000000)
  region size 1024K, 3 young (3072K), 3 survivors (3072K)
 Metaspace       used 35195K, committed 35968K, reserved 1114112K
  class space    used 4786K, committed 5184K, reserved 1048576K
}
Event: 43.251 GC heap before
{Heap before GC invocations=11 (full 0):
 garbage-first heap   total 69632K, used 68039K [0x0000000080000000, 0x0000000100000000)
  region size 1024K, 18 young (18432K), 3 survivors (3072K)
 Metaspace       used 36462K, committed 37376K, reserved 1114112K
  class space    used 5016K, committed 5440K, reserved 1048576K
}
Event: 43.259 GC heap after
{Heap after GC invocations=12 (full 0):
 garbage-first heap   total 75776K, used 56991K [0x0000000080000000, 0x0000000100000000)
  region size 1024K, 4 young (4096K), 4 survivors (4096K)
 Metaspace       used 36462K, committed 37376K, reserved 1114112K
  class space    used 5016K, committed 5440K, reserved 1048576K
}
Event: 44.175 GC heap before
{Heap before GC invocations=12 (full 0):
 garbage-first heap   total 75776K, used 66207K [0x0000000080000000, 0x0000000100000000)
  region size 1024K, 13 young (13312K), 4 survivors (4096K)
 Metaspace       used 37563K, committed 38400K, reserved 1114112K
  class space    used 5172K, committed 5568K, reserved 1048576K
}
Event: 44.186 GC heap after
{Heap after GC invocations=13 (full 0):
 garbage-first heap   total 75776K, used 60151K [0x0000000080000000, 0x0000000100000000)
  region size 1024K, 2 young (2048K), 2 survivors (2048K)
 Metaspace       used 37563K, committed 38400K, reserved 1114112K
  class space    used 5172K, committed 5568K, reserved 1048576K
}
Event: 44.620 GC heap before
{Heap before GC invocations=13 (full 0):
 garbage-first heap   total 75776K, used 68343K [0x0000000080000000, 0x0000000100000000)
  region size 1024K, 10 young (10240K), 2 survivors (2048K)
 Metaspace       used 38559K, committed 39424K, reserved 1114112K
  class space    used 5309K, committed 5696K, reserved 1048576K
}
Event: 44.625 GC heap after
{Heap after GC invocations=14 (full 0):
 garbage-first heap   total 75776K, used 60294K [0x0000000080000000, 0x0000000100000000)
  region size 1024K, 1 young (1024K), 1 survivors (1024K)
 Metaspace       used 38559K, committed 39424K, reserved 1114112K
  class space    used 5309K, committed 5696K, reserved 1048576K
}
Event: 48.231 GC heap before
{Heap before GC invocations=15 (full 0):
 garbage-first heap   total 102400K, used 68486K [0x0000000080000000, 0x0000000100000000)
  region size 1024K, 9 young (9216K), 1 survivors (1024K)
 Metaspace       used 39737K, committed 40704K, reserved 1114112K
  class space    used 5509K, committed 6016K, reserved 1048576K
}
Event: 48.233 GC heap after
{Heap after GC invocations=16 (full 0):
 garbage-first heap   total 102400K, used 60572K [0x0000000080000000, 0x0000000100000000)
  region size 1024K, 1 young (1024K), 1 survivors (1024K)
 Metaspace       used 39737K, committed 40704K, reserved 1114112K
  class space    used 5509K, committed 6016K, reserved 1048576K
}
Event: 55.329 GC heap before
{Heap before GC invocations=16 (full 0):
 garbage-first heap   total 102400K, used 91292K [0x0000000080000000, 0x0000000100000000)
  region size 1024K, 32 young (32768K), 1 survivors (1024K)
 Metaspace       used 46249K, committed 47232K, reserved 1114112K
  class space    used 6238K, committed 6720K, reserved 1048576K
}
Event: 55.355 GC heap after
{Heap after GC invocations=17 (full 0):
 garbage-first heap   total 102400K, used 63647K [0x0000000080000000, 0x0000000100000000)
  region size 1024K, 4 young (4096K), 4 survivors (4096K)
 Metaspace       used 46249K, committed 47232K, reserved 1114112K
  class space    used 6238K, committed 6720K, reserved 1048576K
}
Event: 57.126 GC heap before
{Heap before GC invocations=17 (full 0):
 garbage-first heap   total 102400K, used 92319K [0x0000000080000000, 0x0000000100000000)
  region size 1024K, 32 young (32768K), 4 survivors (4096K)
 Metaspace       used 47200K, committed 48192K, reserved 1114112K
  class space    used 6372K, committed 6848K, reserved 1048576K
}
Event: 57.139 GC heap after
{Heap after GC invocations=18 (full 0):
 garbage-first heap   total 102400K, used 65879K [0x0000000080000000, 0x0000000100000000)
  region size 1024K, 3 young (3072K), 3 survivors (3072K)
 Metaspace       used 47200K, committed 48192K, reserved 1114112K
  class space    used 6372K, committed 6848K, reserved 1048576K
}
Event: 62.275 GC heap before
{Heap before GC invocations=19 (full 0):
 garbage-first heap   total 111616K, used 97623K [0x0000000080000000, 0x0000000100000000)
  region size 1024K, 29 young (29696K), 3 survivors (3072K)
 Metaspace       used 50841K, committed 51968K, reserved 1114112K
  class space    used 6819K, committed 7360K, reserved 1048576K
}
Event: 62.282 GC heap after
{Heap after GC invocations=20 (full 0):
 garbage-first heap   total 134144K, used 67812K [0x0000000080000000, 0x0000000100000000)
  region size 1024K, 2 young (2048K), 2 survivors (2048K)
 Metaspace       used 50841K, committed 51968K, reserved 1114112K
  class space    used 6819K, committed 7360K, reserved 1048576K
}
Event: 69.109 GC heap before
{Heap before GC invocations=20 (full 0):
 garbage-first heap   total 134144K, used 120036K [0x0000000080000000, 0x0000000100000000)
  region size 1024K, 53 young (54272K), 2 survivors (2048K)
 Metaspace       used 56943K, committed 58368K, reserved 1114112K
  class space    used 7855K, committed 8512K, reserved 1048576K
}
Event: 69.175 GC heap after
{Heap after GC invocations=21 (full 0):
 garbage-first heap   total 134144K, used 70366K [0x0000000080000000, 0x0000000100000000)
  region size 1024K, 5 young (5120K), 5 survivors (5120K)
 Metaspace       used 56943K, committed 58368K, reserved 1114112K
  class space    used 7855K, committed 8512K, reserved 1048576K
}

