# JRE version: OpenJDK Runtime Environment (21.0.7) (build 21.0.7+-13880790-b1038.58)
# Java VM: OpenJDK 64-Bit Server VM (21.0.7+-13880790-b1038.58, mixed mode, tiered, compressed oops, compressed class ptrs, g1 gc, windows-amd64)
GC Precious Log:
 CardTable entry size: 512
 Card Set container configuration: InlinePtr #cards 5 size 8 Array Of Cards #cards 12 size 40 Howl #buckets 4 coarsen threshold 1843 Howl Bitmap #cards 512 size 80 coarsen threshold 460 Card regions per heap region 1 cards per card region 2048
 CPUs: 8 total, 8 available
 Memory: 3947M
 Large Page Support: Disabled
 NUMA Support: Disabled
 Compressed Oops: Enabled (32-bit)
 Heap Region Size: 1M
 Heap Min Capacity: 8M
 Heap Initial Capacity: 62M
 Heap Max Capacity: 2G
 Pre-touch: Disabled
 Parallel Workers: 8
 Concurrent Workers: 2
 Concurrent Refinement Workers: 8
 Periodic GC: Disabled
Heap:
 garbage-first heap   total 112640K, used 81331K [0x0000000080000000, 0x0000000100000000)
  region size 1024K, 16 young (16384K), 4 survivors (4096K)
 Metaspace       used 56419K, committed 57792K, reserved 1114112K
  class space    used 7755K, committed 8448K, reserved 1048576K
GC Heap History (20 events):
Event: 37.443 GC heap before
{Heap before GC invocations=8 (full 0):
 garbage-first heap   total 63488K, used 51926K [0x0000000080000000, 0x0000000100000000)
  region size 1024K, 32 young (32768K), 4 survivors (4096K)
 Metaspace       used 34202K, committed 35008K, reserved 1114112K
  class space    used 4597K, committed 4992K, reserved 1048576K
}
Event: 37.459 GC heap after
{Heap after GC invocations=9 (full 0):
 garbage-first heap   total 63488K, used 25575K [0x0000000080000000, 0x0000000100000000)
  region size 1024K, 4 young (4096K), 4 survivors (4096K)
 Metaspace       used 34202K, committed 35008K, reserved 1114112K
  class space    used 4597K, committed 4992K, reserved 1048576K
}
Event: 39.244 GC heap before
{Heap before GC invocations=9 (full 0):
 garbage-first heap   total 63488K, used 30695K [0x0000000080000000, 0x0000000100000000)
  region size 1024K, 10 young (10240K), 4 survivors (4096K)
 Metaspace       used 35163K, committed 35968K, reserved 1114112K
  class space    used 4769K, committed 5120K, reserved 1048576K
}
Event: 39.255 GC heap after
{Heap after GC invocations=10 (full 0):
 garbage-first heap   total 63488K, used 26124K [0x0000000080000000, 0x0000000100000000)
  region size 1024K, 3 young (3072K), 3 survivors (3072K)
 Metaspace       used 35163K, committed 35968K, reserved 1114112K
  class space    used 4769K, committed 5120K, reserved 1048576K
}
Event: 41.409 GC heap before
{Heap before GC invocations=11 (full 0):
 garbage-first heap   total 69632K, used 68108K [0x0000000080000000, 0x0000000100000000)
  region size 1024K, 18 young (18432K), 3 survivors (3072K)
 Metaspace       used 36438K, committed 37248K, reserved 1114112K
  class space    used 5001K, committed 5376K, reserved 1048576K
}
Event: 41.417 GC heap after
{Heap after GC invocations=12 (full 0):
 garbage-first heap   total 76800K, used 57683K [0x0000000080000000, 0x0000000100000000)
  region size 1024K, 4 young (4096K), 4 survivors (4096K)
 Metaspace       used 36438K, committed 37248K, reserved 1114112K
  class space    used 5001K, committed 5376K, reserved 1048576K
}
Event: 42.445 GC heap before
{Heap before GC invocations=12 (full 0):
 garbage-first heap   total 76800K, used 66899K [0x0000000080000000, 0x0000000100000000)
  region size 1024K, 13 young (13312K), 4 survivors (4096K)
 Metaspace       used 37582K, committed 38400K, reserved 1114112K
  class space    used 5169K, committed 5568K, reserved 1048576K
}
Event: 42.452 GC heap after
{Heap after GC invocations=13 (full 0):
 garbage-first heap   total 76800K, used 60767K [0x0000000080000000, 0x0000000100000000)
  region size 1024K, 2 young (2048K), 2 survivors (2048K)
 Metaspace       used 37582K, committed 38400K, reserved 1114112K
  class space    used 5169K, committed 5568K, reserved 1048576K
}
Event: 43.411 GC heap before
{Heap before GC invocations=13 (full 0):
 garbage-first heap   total 76800K, used 68959K [0x0000000080000000, 0x0000000100000000)
  region size 1024K, 10 young (10240K), 2 survivors (2048K)
 Metaspace       used 38607K, committed 39424K, reserved 1114112K
  class space    used 5302K, committed 5696K, reserved 1048576K
}
Event: 43.415 GC heap after
{Heap after GC invocations=14 (full 0):
 garbage-first heap   total 76800K, used 60843K [0x0000000080000000, 0x0000000100000000)
  region size 1024K, 1 young (1024K), 1 survivors (1024K)
 Metaspace       used 38607K, committed 39424K, reserved 1114112K
  class space    used 5302K, committed 5696K, reserved 1048576K
}
Event: 49.112 GC heap before
{Heap before GC invocations=15 (full 0):
 garbage-first heap   total 104448K, used 68011K [0x0000000080000000, 0x0000000100000000)
  region size 1024K, 8 young (8192K), 1 survivors (1024K)
 Metaspace       used 39643K, committed 40576K, reserved 1114112K
  class space    used 5481K, committed 5952K, reserved 1048576K
}
Event: 49.115 GC heap after
{Heap after GC invocations=16 (full 0):
 garbage-first heap   total 104448K, used 61008K [0x0000000080000000, 0x0000000100000000)
  region size 1024K, 1 young (1024K), 1 survivors (1024K)
 Metaspace       used 39643K, committed 40576K, reserved 1114112K
  class space    used 5481K, committed 5952K, reserved 1048576K
}
Event: 55.589 GC heap before
{Heap before GC invocations=16 (full 0):
 garbage-first heap   total 104448K, used 92752K [0x0000000080000000, 0x0000000100000000)
  region size 1024K, 33 young (33792K), 1 survivors (1024K)
 Metaspace       used 46207K, committed 47168K, reserved 1114112K
  class space    used 6224K, committed 6720K, reserved 1048576K
}
Event: 55.639 GC heap after
{Heap after GC invocations=17 (full 0):
 garbage-first heap   total 104448K, used 64778K [0x0000000080000000, 0x0000000100000000)
  region size 1024K, 5 young (5120K), 5 survivors (5120K)
 Metaspace       used 46207K, committed 47168K, reserved 1114112K
  class space    used 6224K, committed 6720K, reserved 1048576K
}
Event: 57.737 GC heap before
{Heap before GC invocations=17 (full 0):
 garbage-first heap   total 104448K, used 92426K [0x0000000080000000, 0x0000000100000000)
  region size 1024K, 32 young (32768K), 5 survivors (5120K)
 Metaspace       used 47173K, committed 48192K, reserved 1114112K
  class space    used 6361K, committed 6848K, reserved 1048576K
}
Event: 57.751 GC heap after
{Heap after GC invocations=18 (full 0):
 garbage-first heap   total 104448K, used 66303K [0x0000000080000000, 0x0000000100000000)
  region size 1024K, 3 young (3072K), 3 survivors (3072K)
 Metaspace       used 47173K, committed 48192K, reserved 1114112K
  class space    used 6361K, committed 6848K, reserved 1048576K
}
Event: 63.189 GC heap before
{Heap before GC invocations=19 (full 0):
 garbage-first heap   total 112640K, used 98047K [0x0000000080000000, 0x0000000100000000)
  region size 1024K, 30 young (30720K), 3 survivors (3072K)
 Metaspace       used 50884K, committed 52032K, reserved 1114112K
  class space    used 6825K, committed 7424K, reserved 1048576K
}
Event: 63.197 GC heap after
{Heap after GC invocations=20 (full 0):
 garbage-first heap   total 112640K, used 68324K [0x0000000080000000, 0x0000000100000000)
  region size 1024K, 2 young (2048K), 2 survivors (2048K)
 Metaspace       used 50884K, committed 52032K, reserved 1114112K
  class space    used 6825K, committed 7424K, reserved 1048576K
}
Event: 67.381 GC heap before
{Heap before GC invocations=20 (full 0):
 garbage-first heap   total 112640K, used 103140K [0x0000000080000000, 0x0000000100000000)
  region size 1024K, 36 young (36864K), 2 survivors (2048K)
 Metaspace       used 55045K, committed 56448K, reserved 1114112K
  class space    used 7525K, committed 8192K, reserved 1048576K
}
Event: 67.395 GC heap after
{Heap after GC invocations=21 (full 0):
 garbage-first heap   total 112640K, used 70067K [0x0000000080000000, 0x0000000100000000)
  region size 1024K, 4 young (4096K), 4 survivors (4096K)
 Metaspace       used 55045K, committed 56448K, reserved 1114112K
  class space    used 7525K, committed 8192K, reserved 1048576K
}

