# JRE version: OpenJDK Runtime Environment (21.0.7) (build 21.0.7+-13880790-b1038.58)
# Java VM: OpenJDK 64-Bit Server VM (21.0.7+-13880790-b1038.58, mixed mode, tiered, compressed oops, compressed class ptrs, g1 gc, windows-amd64)
GC Precious Log:
 CardTable entry size: 512
 Card Set container configuration: InlinePtr #cards 5 size 8 Array Of Cards #cards 12 size 40 Howl #buckets 4 coarsen threshold 1843 Howl Bitmap #cards 512 size 80 coarsen threshold 460 Card regions per heap region 1 cards per card region 2048
 CPUs: 8 total, 8 available
 Memory: 3947M
 Large Page Support: Disabled
 NUMA Support: Disabled
 Compressed Oops: Enabled (32-bit)
 Heap Region Size: 1M
 Heap Min Capacity: 8M
 Heap Initial Capacity: 62M
 Heap Max Capacity: 2G
 Pre-touch: Disabled
 Parallel Workers: 8
 Concurrent Workers: 2
 Concurrent Refinement Workers: 8
 Periodic GC: Disabled
Heap:
 garbage-first heap   total 112640K, used 68397K [0x0000000080000000, 0x0000000100000000)
  region size 1024K, 2 young (2048K), 2 survivors (2048K)
 Metaspace       used 50784K, committed 52032K, reserved 1114112K
  class space    used 6825K, committed 7424K, reserved 1048576K
GC Heap History (20 events):
Event: 24.700 GC heap after
{Heap after GC invocations=7 (full 0):
 garbage-first heap   total 63488K, used 21745K [0x0000000080000000, 0x0000000100000000)
  region size 1024K, 3 young (3072K), 3 survivors (3072K)
 Metaspace       used 26098K, committed 26560K, reserved 1114112K
  class space    used 3187K, committed 3392K, reserved 1048576K
}
Event: 29.844 GC heap before
{Heap before GC invocations=7 (full 0):
 garbage-first heap   total 63488K, used 48369K [0x0000000080000000, 0x0000000100000000)
  region size 1024K, 30 young (30720K), 3 survivors (3072K)
 Metaspace       used 30041K, committed 30592K, reserved 1114112K
  class space    used 3895K, committed 4160K, reserved 1048576K
}
Event: 29.851 GC heap after
{Heap after GC invocations=8 (full 0):
 garbage-first heap   total 63488K, used 23259K [0x0000000080000000, 0x0000000100000000)
  region size 1024K, 4 young (4096K), 4 survivors (4096K)
 Metaspace       used 30041K, committed 30592K, reserved 1114112K
  class space    used 3895K, committed 4160K, reserved 1048576K
}
Event: 37.175 GC heap before
{Heap before GC invocations=8 (full 0):
 garbage-first heap   total 63488K, used 50907K [0x0000000080000000, 0x0000000100000000)
  region size 1024K, 31 young (31744K), 4 survivors (4096K)
 Metaspace       used 33591K, committed 34368K, reserved 1114112K
  class space    used 4486K, committed 4864K, reserved 1048576K
}
Event: 37.188 GC heap after
{Heap after GC invocations=9 (full 0):
 garbage-first heap   total 63488K, used 25525K [0x0000000080000000, 0x0000000100000000)
  region size 1024K, 4 young (4096K), 4 survivors (4096K)
 Metaspace       used 33591K, committed 34368K, reserved 1114112K
  class space    used 4486K, committed 4864K, reserved 1048576K
}
Event: 40.143 GC heap before
{Heap before GC invocations=9 (full 0):
 garbage-first heap   total 63488K, used 35765K [0x0000000080000000, 0x0000000100000000)
  region size 1024K, 15 young (15360K), 4 survivors (4096K)
 Metaspace       used 35161K, committed 35968K, reserved 1114112K
  class space    used 4772K, committed 5120K, reserved 1048576K
}
Event: 40.171 GC heap after
{Heap after GC invocations=10 (full 0):
 garbage-first heap   total 63488K, used 26166K [0x0000000080000000, 0x0000000100000000)
  region size 1024K, 3 young (3072K), 3 survivors (3072K)
 Metaspace       used 35161K, committed 35968K, reserved 1114112K
  class space    used 4772K, committed 5120K, reserved 1048576K
}
Event: 43.273 GC heap before
{Heap before GC invocations=11 (full 0):
 garbage-first heap   total 69632K, used 68150K [0x0000000080000000, 0x0000000100000000)
  region size 1024K, 18 young (18432K), 3 survivors (3072K)
 Metaspace       used 36488K, committed 37376K, reserved 1114112K
  class space    used 5013K, committed 5440K, reserved 1048576K
}
Event: 43.286 GC heap after
{Heap after GC invocations=12 (full 0):
 garbage-first heap   total 76800K, used 57418K [0x0000000080000000, 0x0000000100000000)
  region size 1024K, 4 young (4096K), 4 survivors (4096K)
 Metaspace       used 36488K, committed 37376K, reserved 1114112K
  class space    used 5013K, committed 5440K, reserved 1048576K
}
Event: 44.220 GC heap before
{Heap before GC invocations=12 (full 0):
 garbage-first heap   total 76800K, used 66634K [0x0000000080000000, 0x0000000100000000)
  region size 1024K, 13 young (13312K), 4 survivors (4096K)
 Metaspace       used 37585K, committed 38464K, reserved 1114112K
  class space    used 5169K, committed 5568K, reserved 1048576K
}
Event: 44.226 GC heap after
{Heap after GC invocations=13 (full 0):
 garbage-first heap   total 76800K, used 60653K [0x0000000080000000, 0x0000000100000000)
  region size 1024K, 2 young (2048K), 2 survivors (2048K)
 Metaspace       used 37585K, committed 38464K, reserved 1114112K
  class space    used 5169K, committed 5568K, reserved 1048576K
}
Event: 44.723 GC heap before
{Heap before GC invocations=13 (full 0):
 garbage-first heap   total 76800K, used 67821K [0x0000000080000000, 0x0000000100000000)
  region size 1024K, 10 young (10240K), 2 survivors (2048K)
 Metaspace       used 38596K, committed 39424K, reserved 1114112K
  class space    used 5306K, committed 5696K, reserved 1048576K
}
Event: 44.725 GC heap after
{Heap after GC invocations=14 (full 0):
 garbage-first heap   total 76800K, used 60909K [0x0000000080000000, 0x0000000100000000)
  region size 1024K, 1 young (1024K), 1 survivors (1024K)
 Metaspace       used 38596K, committed 39424K, reserved 1114112K
  class space    used 5306K, committed 5696K, reserved 1048576K
}
Event: 47.886 GC heap before
{Heap before GC invocations=15 (full 0):
 garbage-first heap   total 104448K, used 67053K [0x0000000080000000, 0x0000000100000000)
  region size 1024K, 8 young (8192K), 1 survivors (1024K)
 Metaspace       used 39624K, committed 40640K, reserved 1114112K
  class space    used 5479K, committed 5952K, reserved 1048576K
}
Event: 47.888 GC heap after
{Heap after GC invocations=16 (full 0):
 garbage-first heap   total 104448K, used 61085K [0x0000000080000000, 0x0000000100000000)
  region size 1024K, 1 young (1024K), 1 survivors (1024K)
 Metaspace       used 39624K, committed 40640K, reserved 1114112K
  class space    used 5479K, committed 5952K, reserved 1048576K
}
Event: 58.073 GC heap before
{Heap before GC invocations=16 (full 0):
 garbage-first heap   total 104448K, used 92829K [0x0000000080000000, 0x0000000100000000)
  region size 1024K, 33 young (33792K), 1 survivors (1024K)
 Metaspace       used 46220K, committed 47232K, reserved 1114112K
  class space    used 6229K, committed 6720K, reserved 1048576K
}
Event: 58.096 GC heap after
{Heap after GC invocations=17 (full 0):
 garbage-first heap   total 104448K, used 64239K [0x0000000080000000, 0x0000000100000000)
  region size 1024K, 4 young (4096K), 4 survivors (4096K)
 Metaspace       used 46220K, committed 47232K, reserved 1114112K
  class space    used 6229K, committed 6720K, reserved 1048576K
}
Event: 61.654 GC heap before
{Heap before GC invocations=17 (full 0):
 garbage-first heap   total 104448K, used 92911K [0x0000000080000000, 0x0000000100000000)
  region size 1024K, 32 young (32768K), 4 survivors (4096K)
 Metaspace       used 47253K, committed 48320K, reserved 1114112K
  class space    used 6380K, committed 6912K, reserved 1048576K
}
Event: 61.674 GC heap after
{Heap after GC invocations=18 (full 0):
 garbage-first heap   total 104448K, used 66308K [0x0000000080000000, 0x0000000100000000)
  region size 1024K, 3 young (3072K), 3 survivors (3072K)
 Metaspace       used 47253K, committed 48320K, reserved 1114112K
  class space    used 6380K, committed 6912K, reserved 1048576K
}
Event: 66.355 GC heap before
{Heap before GC invocations=19 (full 0):
 garbage-first heap   total 112640K, used 98052K [0x0000000080000000, 0x0000000100000000)
  region size 1024K, 30 young (30720K), 3 survivors (3072K)
 Metaspace       used 50784K, committed 52032K, reserved 1114112K
  class space    used 6825K, committed 7424K, reserved 1048576K
}

