# JRE version: OpenJDK Runtime Environment (21.0.7) (build 21.0.7+-13880790-b1038.58)
# Java VM: OpenJDK 64-Bit Server VM (21.0.7+-13880790-b1038.58, mixed mode, tiered, compressed oops, compressed class ptrs, g1 gc, windows-amd64)
GC Precious Log:
 CardTable entry size: 512
 Card Set container configuration: InlinePtr #cards 5 size 8 Array Of Cards #cards 12 size 40 Howl #buckets 4 coarsen threshold 1843 Howl Bitmap #cards 512 size 80 coarsen threshold 460 Card regions per heap region 1 cards per card region 2048
 CPUs: 8 total, 8 available
 Memory: 3947M
 Large Page Support: Disabled
 NUMA Support: Disabled
 Compressed Oops: Enabled (32-bit)
 Heap Region Size: 1M
 Heap Min Capacity: 8M
 Heap Initial Capacity: 62M
 Heap Max Capacity: 2G
 Pre-touch: Disabled
 Parallel Workers: 8
 Concurrent Workers: 2
 Concurrent Refinement Workers: 8
 Periodic GC: Disabled
Heap:
 garbage-first heap   total 112640K, used 91934K [0x0000000080000000, 0x0000000100000000)
  region size 1024K, 26 young (26624K), 4 survivors (4096K)
 Metaspace       used 57225K, committed 58688K, reserved 1114112K
  class space    used 7917K, committed 8640K, reserved 1048576K
GC Heap History (20 events):
Event: 37.322 GC heap before
{Heap before GC invocations=8 (full 0):
 garbage-first heap   total 63488K, used 49768K [0x0000000080000000, 0x0000000100000000)
  region size 1024K, 31 young (31744K), 4 survivors (4096K)
 Metaspace       used 33574K, committed 34304K, reserved 1114112K
  class space    used 4487K, committed 4800K, reserved 1048576K
}
Event: 37.332 GC heap after
{Heap after GC invocations=9 (full 0):
 garbage-first heap   total 63488K, used 25356K [0x0000000080000000, 0x0000000100000000)
  region size 1024K, 4 young (4096K), 4 survivors (4096K)
 Metaspace       used 33574K, committed 34304K, reserved 1114112K
  class space    used 4487K, committed 4800K, reserved 1048576K
}
Event: 41.007 GC heap before
{Heap before GC invocations=9 (full 0):
 garbage-first heap   total 63488K, used 35596K [0x0000000080000000, 0x0000000100000000)
  region size 1024K, 15 young (15360K), 4 survivors (4096K)
 Metaspace       used 35175K, committed 35968K, reserved 1114112K
  class space    used 4777K, committed 5120K, reserved 1048576K
}
Event: 41.033 GC heap after
{Heap after GC invocations=10 (full 0):
 garbage-first heap   total 63488K, used 26021K [0x0000000080000000, 0x0000000100000000)
  region size 1024K, 3 young (3072K), 3 survivors (3072K)
 Metaspace       used 35175K, committed 35968K, reserved 1114112K
  class space    used 4777K, committed 5120K, reserved 1048576K
}
Event: 44.421 GC heap before
{Heap before GC invocations=11 (full 0):
 garbage-first heap   total 69632K, used 68005K [0x0000000080000000, 0x0000000100000000)
  region size 1024K, 18 young (18432K), 3 survivors (3072K)
 Metaspace       used 36453K, committed 37312K, reserved 1114112K
  class space    used 5011K, committed 5440K, reserved 1048576K
}
Event: 44.429 GC heap after
{Heap after GC invocations=12 (full 0):
 garbage-first heap   total 76800K, used 57632K [0x0000000080000000, 0x0000000100000000)
  region size 1024K, 4 young (4096K), 4 survivors (4096K)
 Metaspace       used 36453K, committed 37312K, reserved 1114112K
  class space    used 5011K, committed 5440K, reserved 1048576K
}
Event: 45.129 GC heap before
{Heap before GC invocations=12 (full 0):
 garbage-first heap   total 76800K, used 67872K [0x0000000080000000, 0x0000000100000000)
  region size 1024K, 13 young (13312K), 4 survivors (4096K)
 Metaspace       used 37618K, committed 38464K, reserved 1114112K
  class space    used 5179K, committed 5568K, reserved 1048576K
}
Event: 45.134 GC heap after
{Heap after GC invocations=13 (full 0):
 garbage-first heap   total 76800K, used 60149K [0x0000000080000000, 0x0000000100000000)
  region size 1024K, 2 young (2048K), 2 survivors (2048K)
 Metaspace       used 37618K, committed 38464K, reserved 1114112K
  class space    used 5179K, committed 5568K, reserved 1048576K
}
Event: 45.528 GC heap before
{Heap before GC invocations=13 (full 0):
 garbage-first heap   total 76800K, used 67317K [0x0000000080000000, 0x0000000100000000)
  region size 1024K, 10 young (10240K), 2 survivors (2048K)
 Metaspace       used 38615K, committed 39424K, reserved 1114112K
  class space    used 5309K, committed 5696K, reserved 1048576K
}
Event: 45.539 GC heap after
{Heap after GC invocations=14 (full 0):
 garbage-first heap   total 76800K, used 60753K [0x0000000080000000, 0x0000000100000000)
  region size 1024K, 1 young (1024K), 1 survivors (1024K)
 Metaspace       used 38615K, committed 39424K, reserved 1114112K
  class space    used 5309K, committed 5696K, reserved 1048576K
}
Event: 49.104 GC heap before
{Heap before GC invocations=15 (full 0):
 garbage-first heap   total 102400K, used 69969K [0x0000000080000000, 0x0000000100000000)
  region size 1024K, 10 young (10240K), 1 survivors (1024K)
 Metaspace       used 39864K, committed 40832K, reserved 1114112K
  class space    used 5525K, committed 6016K, reserved 1048576K
}
Event: 49.107 GC heap after
{Heap after GC invocations=16 (full 0):
 garbage-first heap   total 102400K, used 60995K [0x0000000080000000, 0x0000000100000000)
  region size 1024K, 1 young (1024K), 1 survivors (1024K)
 Metaspace       used 39864K, committed 40832K, reserved 1114112K
  class space    used 5525K, committed 6016K, reserved 1048576K
}
Event: 53.426 GC heap before
{Heap before GC invocations=16 (full 0):
 garbage-first heap   total 102400K, used 91715K [0x0000000080000000, 0x0000000100000000)
  region size 1024K, 32 young (32768K), 1 survivors (1024K)
 Metaspace       used 46253K, committed 47168K, reserved 1114112K
  class space    used 6232K, committed 6720K, reserved 1048576K
}
Event: 53.438 GC heap after
{Heap after GC invocations=17 (full 0):
 garbage-first heap   total 102400K, used 64984K [0x0000000080000000, 0x0000000100000000)
  region size 1024K, 4 young (4096K), 4 survivors (4096K)
 Metaspace       used 46253K, committed 47168K, reserved 1114112K
  class space    used 6232K, committed 6720K, reserved 1048576K
}
Event: 56.136 GC heap before
{Heap before GC invocations=17 (full 0):
 garbage-first heap   total 102400K, used 92632K [0x0000000080000000, 0x0000000100000000)
  region size 1024K, 31 young (31744K), 4 survivors (4096K)
 Metaspace       used 47212K, committed 48256K, reserved 1114112K
  class space    used 6376K, committed 6912K, reserved 1048576K
}
Event: 56.156 GC heap after
{Heap after GC invocations=18 (full 0):
 garbage-first heap   total 102400K, used 67091K [0x0000000080000000, 0x0000000100000000)
  region size 1024K, 3 young (3072K), 3 survivors (3072K)
 Metaspace       used 47212K, committed 48256K, reserved 1114112K
  class space    used 6376K, committed 6912K, reserved 1048576K
}
Event: 61.568 GC heap before
{Heap before GC invocations=19 (full 0):
 garbage-first heap   total 112640K, used 97811K [0x0000000080000000, 0x0000000100000000)
  region size 1024K, 28 young (28672K), 3 survivors (3072K)
 Metaspace       used 50740K, committed 51904K, reserved 1114112K
  class space    used 6803K, committed 7360K, reserved 1048576K
}
Event: 61.574 GC heap after
{Heap after GC invocations=20 (full 0):
 garbage-first heap   total 112640K, used 68879K [0x0000000080000000, 0x0000000100000000)
  region size 1024K, 2 young (2048K), 2 survivors (2048K)
 Metaspace       used 50740K, committed 51904K, reserved 1114112K
  class space    used 6803K, committed 7360K, reserved 1048576K
}
Event: 65.056 GC heap before
{Heap before GC invocations=20 (full 0):
 garbage-first heap   total 112640K, used 102671K [0x0000000080000000, 0x0000000100000000)
  region size 1024K, 35 young (35840K), 2 survivors (2048K)
 Metaspace       used 54725K, committed 56192K, reserved 1114112K
  class space    used 7470K, committed 8192K, reserved 1048576K
}
Event: 65.071 GC heap after
{Heap after GC invocations=21 (full 0):
 garbage-first heap   total 112640K, used 70430K [0x0000000080000000, 0x0000000100000000)
  region size 1024K, 4 young (4096K), 4 survivors (4096K)
 Metaspace       used 54725K, committed 56192K, reserved 1114112K
  class space    used 7470K, committed 8192K, reserved 1048576K
}

