# JRE version: OpenJDK Runtime Environment (21.0.7) (build 21.0.7+-13880790-b1038.58)
# Java VM: OpenJDK 64-Bit Server VM (21.0.7+-13880790-b1038.58, mixed mode, tiered, compressed oops, compressed class ptrs, g1 gc, windows-amd64)
GC Precious Log:
 CardTable entry size: 512
 Card Set container configuration: InlinePtr #cards 5 size 8 Array Of Cards #cards 12 size 40 Howl #buckets 4 coarsen threshold 1843 Howl Bitmap #cards 512 size 80 coarsen threshold 460 Card regions per heap region 1 cards per card region 2048
 CPUs: 8 total, 8 available
 Memory: 3947M
 Large Page Support: Disabled
 NUMA Support: Disabled
 Compressed Oops: Enabled (32-bit)
 Heap Region Size: 1M
 Heap Min Capacity: 8M
 Heap Initial Capacity: 62M
 Heap Max Capacity: 2G
 Pre-touch: Disabled
 Parallel Workers: 8
 Concurrent Workers: 2
 Concurrent Refinement Workers: 8
 Periodic GC: Disabled
Heap:
 garbage-first heap   total 121856K, used 100115K [0x0000000080000000, 0x0000000100000000)
  region size 1024K, 34 young (34816K), 2 survivors (2048K)
 Metaspace       used 54598K, committed 56064K, reserved 1114112K
  class space    used 7455K, committed 8192K, reserved 1048576K
GC Heap History (20 events):
Event: 30.305 GC heap before
{Heap before GC invocations=7 (full 0):
 garbage-first heap   total 63488K, used 50600K [0x0000000080000000, 0x0000000100000000)
  region size 1024K, 32 young (32768K), 4 survivors (4096K)
 Metaspace       used 30486K, committed 31040K, reserved 1114112K
  class space    used 3964K, committed 4224K, reserved 1048576K
}
Event: 30.311 GC heap after
{Heap after GC invocations=8 (full 0):
 garbage-first heap   total 63488K, used 23552K [0x0000000080000000, 0x0000000100000000)
  region size 1024K, 4 young (4096K), 4 survivors (4096K)
 Metaspace       used 30486K, committed 31040K, reserved 1114112K
  class space    used 3964K, committed 4224K, reserved 1048576K
}
Event: 37.519 GC heap before
{Heap before GC invocations=8 (full 0):
 garbage-first heap   total 63488K, used 52224K [0x0000000080000000, 0x0000000100000000)
  region size 1024K, 32 young (32768K), 4 survivors (4096K)
 Metaspace       used 34138K, committed 34944K, reserved 1114112K
  class space    used 4594K, committed 4992K, reserved 1048576K
}
Event: 37.555 GC heap after
{Heap after GC invocations=9 (full 0):
 garbage-first heap   total 63488K, used 26116K [0x0000000080000000, 0x0000000100000000)
  region size 1024K, 4 young (4096K), 4 survivors (4096K)
 Metaspace       used 34138K, committed 34944K, reserved 1114112K
  class space    used 4594K, committed 4992K, reserved 1048576K
}
Event: 38.891 GC heap before
{Heap before GC invocations=9 (full 0):
 garbage-first heap   total 63488K, used 31236K [0x0000000080000000, 0x0000000100000000)
  region size 1024K, 10 young (10240K), 4 survivors (4096K)
 Metaspace       used 35121K, committed 35968K, reserved 1114112K
  class space    used 4770K, committed 5184K, reserved 1048576K
}
Event: 38.902 GC heap after
{Heap after GC invocations=10 (full 0):
 garbage-first heap   total 63488K, used 26563K [0x0000000080000000, 0x0000000100000000)
  region size 1024K, 3 young (3072K), 3 survivors (3072K)
 Metaspace       used 35121K, committed 35968K, reserved 1114112K
  class space    used 4770K, committed 5184K, reserved 1048576K
}
Event: 41.361 GC heap before
{Heap before GC invocations=11 (full 0):
 garbage-first heap   total 70656K, used 68547K [0x0000000080000000, 0x0000000100000000)
  region size 1024K, 18 young (18432K), 3 survivors (3072K)
 Metaspace       used 36474K, committed 37376K, reserved 1114112K
  class space    used 5019K, committed 5440K, reserved 1048576K
}
Event: 41.375 GC heap after
{Heap after GC invocations=12 (full 0):
 garbage-first heap   total 76800K, used 57584K [0x0000000080000000, 0x0000000100000000)
  region size 1024K, 4 young (4096K), 4 survivors (4096K)
 Metaspace       used 36474K, committed 37376K, reserved 1114112K
  class space    used 5019K, committed 5440K, reserved 1048576K
}
Event: 42.324 GC heap before
{Heap before GC invocations=12 (full 0):
 garbage-first heap   total 76800K, used 66800K [0x0000000080000000, 0x0000000100000000)
  region size 1024K, 13 young (13312K), 4 survivors (4096K)
 Metaspace       used 37577K, committed 38528K, reserved 1114112K
  class space    used 5175K, committed 5632K, reserved 1048576K
}
Event: 42.330 GC heap after
{Heap after GC invocations=13 (full 0):
 garbage-first heap   total 76800K, used 60699K [0x0000000080000000, 0x0000000100000000)
  region size 1024K, 2 young (2048K), 2 survivors (2048K)
 Metaspace       used 37577K, committed 38528K, reserved 1114112K
  class space    used 5175K, committed 5632K, reserved 1048576K
}
Event: 43.339 GC heap before
{Heap before GC invocations=13 (full 0):
 garbage-first heap   total 76800K, used 67867K [0x0000000080000000, 0x0000000100000000)
  region size 1024K, 10 young (10240K), 2 survivors (2048K)
 Metaspace       used 38593K, committed 39488K, reserved 1114112K
  class space    used 5311K, committed 5760K, reserved 1048576K
}
Event: 43.345 GC heap after
{Heap after GC invocations=14 (full 0):
 garbage-first heap   total 76800K, used 60724K [0x0000000080000000, 0x0000000100000000)
  region size 1024K, 1 young (1024K), 1 survivors (1024K)
 Metaspace       used 38593K, committed 39488K, reserved 1114112K
  class space    used 5311K, committed 5760K, reserved 1048576K
}
Event: 47.626 GC heap before
{Heap before GC invocations=15 (full 0):
 garbage-first heap   total 104448K, used 67892K [0x0000000080000000, 0x0000000100000000)
  region size 1024K, 8 young (8192K), 1 survivors (1024K)
 Metaspace       used 39632K, committed 40576K, reserved 1114112K
  class space    used 5489K, committed 5952K, reserved 1048576K
}
Event: 47.628 GC heap after
{Heap after GC invocations=16 (full 0):
 garbage-first heap   total 104448K, used 61038K [0x0000000080000000, 0x0000000100000000)
  region size 1024K, 1 young (1024K), 1 survivors (1024K)
 Metaspace       used 39632K, committed 40576K, reserved 1114112K
  class space    used 5489K, committed 5952K, reserved 1048576K
}
Event: 56.319 GC heap before
{Heap before GC invocations=16 (full 0):
 garbage-first heap   total 104448K, used 92782K [0x0000000080000000, 0x0000000100000000)
  region size 1024K, 33 young (33792K), 1 survivors (1024K)
 Metaspace       used 46248K, committed 47232K, reserved 1114112K
  class space    used 6238K, committed 6720K, reserved 1048576K
}
Event: 56.342 GC heap after
{Heap after GC invocations=17 (full 0):
 garbage-first heap   total 104448K, used 64179K [0x0000000080000000, 0x0000000100000000)
  region size 1024K, 4 young (4096K), 4 survivors (4096K)
 Metaspace       used 46248K, committed 47232K, reserved 1114112K
  class space    used 6238K, committed 6720K, reserved 1048576K
}
Event: 58.723 GC heap before
{Heap before GC invocations=17 (full 0):
 garbage-first heap   total 104448K, used 93875K [0x0000000080000000, 0x0000000100000000)
  region size 1024K, 33 young (33792K), 4 survivors (4096K)
 Metaspace       used 47352K, committed 48448K, reserved 1114112K
  class space    used 6389K, committed 6912K, reserved 1048576K
}
Event: 58.776 GC heap after
{Heap after GC invocations=18 (full 0):
 garbage-first heap   total 104448K, used 66729K [0x0000000080000000, 0x0000000100000000)
  region size 1024K, 3 young (3072K), 3 survivors (3072K)
 Metaspace       used 47352K, committed 48448K, reserved 1114112K
  class space    used 6389K, committed 6912K, reserved 1048576K
}
Event: 64.314 GC heap before
{Heap before GC invocations=19 (full 0):
 garbage-first heap   total 121856K, used 98473K [0x0000000080000000, 0x0000000100000000)
  region size 1024K, 29 young (29696K), 3 survivors (3072K)
 Metaspace       used 50832K, committed 52032K, reserved 1114112K
  class space    used 6837K, committed 7424K, reserved 1048576K
}
Event: 64.325 GC heap after
{Heap after GC invocations=20 (full 0):
 garbage-first heap   total 121856K, used 68371K [0x0000000080000000, 0x0000000100000000)
  region size 1024K, 2 young (2048K), 2 survivors (2048K)
 Metaspace       used 50832K, committed 52032K, reserved 1114112K
  class space    used 6837K, committed 7424K, reserved 1048576K
}

